Using pre-set license

 COMMAND LINE ARGUMENTS:
/Applications/Unity/Hub/Editor/2020.3.10f1/Unity.app/Contents/MacOS/Unity
-adb2
-batchMode
-noUpm
-name
AssetImportWorker0
-projectPath
/Volumes/MARK17/SEGURIDAD 2021/TITULOS/JUEGOS/Tools
-logFile
Logs/AssetImportWorker0.log
-srvPort
55386
Successfully changed project path to: /Volumes/MARK17/SEGURIDAD 2021/TITULOS/JUEGOS/Tools
/Volumes/MARK17/SEGURIDAD 2021/TITULOS/JUEGOS/Tools
Using Asset Import Pipeline V2.
Refreshing native plugins compatible for Editor in 64.54 ms, found 2 plugins.
Preloading 0 native plugins for Editor in 0.00 ms.
Initialize engine version: 2020.3.10f1 (297d780c91bc)
[Subsystems] Discovering subsystems at path /Applications/Unity/Hub/Editor/2020.3.10f1/Unity.app/Contents/Resources/UnitySubsystems
[Subsystems] Discovering subsystems at path /Volumes/MARK17/SEGURIDAD 2021/TITULOS/JUEGOS/Tools/Assets
GfxDevice: creating device client; threaded=0
2021-09-22 20:17:12.070 Unity[26878:1445454] Color LCD preferred device: AMD Radeon Pro 460 (high power)
2021-09-22 20:17:12.070 Unity[26878:1445454] Metal devices available: 2
2021-09-22 20:17:12.070 Unity[26878:1445454] 0: AMD Radeon Pro 460 (high power)
2021-09-22 20:17:12.070 Unity[26878:1445454] 1: Intel(R) HD Graphics 530 (low power)
2021-09-22 20:17:12.071 Unity[26878:1445454] Using device AMD Radeon Pro 460 (high power)
Initializing Metal device caps: AMD Radeon Pro 460
Initialize mono
Mono path[0] = '/Applications/Unity/Hub/Editor/2020.3.10f1/Unity.app/Contents/Managed'
Mono path[1] = '/Applications/Unity/Hub/Editor/2020.3.10f1/Unity.app/Contents/MonoBleedingEdge/lib/mono/unityjit'
Mono config path = '/Applications/Unity/Hub/Editor/2020.3.10f1/Unity.app/Contents/MonoBleedingEdge/etc'
Using monoOptions --debugger-agent=transport=dt_socket,embedding=1,server=y,suspend=n,address=127.0.0.1:56878
Begin MonoManager ReloadAssembly
Registering precompiled unity dll's ...
Register platform support module: /Applications/Unity/Hub/Editor/2020.3.10f1/PlaybackEngines/WebGLSupport/UnityEditor.WebGL.Extensions.dll
Register platform support module: /Applications/Unity/Hub/Editor/2020.3.10f1/Unity.app/Contents/PlaybackEngines/MacStandaloneSupport/UnityEditor.OSXStandalone.Extensions.dll
Registered in 0.000841 seconds.
Native extension for OSXStandalone target not found
Native extension for WebGL target not found
Refreshing native plugins compatible for Editor in 62.72 ms, found 2 plugins.
Preloading 0 native plugins for Editor in 0.00 ms.
Mono: successfully reloaded assembly
- Completed reload, in  2.237 seconds
Platform modules already initialized, skipping
Registering precompiled user dll's ...
Registered in 0.003085 seconds.
Begin MonoManager ReloadAssembly
Native extension for OSXStandalone target not found
Native extension for WebGL target not found
Refreshing native plugins compatible for Editor in 0.72 ms, found 2 plugins.
Preloading 0 native plugins for Editor in 0.00 ms.
Mono: successfully reloaded assembly
- Completed reload, in  1.853 seconds
Platform modules already initialized, skipping
========================================================================
Worker process is ready to serve import requests
Launching external process: /Applications/Unity/Hub/Editor/2020.3.10f1/Unity.app/Contents/Tools/UnityShaderCompiler
Launched and connected shader compiler UnityShaderCompiler after 0.03 seconds
Refreshing native plugins compatible for Editor in 0.77 ms, found 2 plugins.
Preloading 0 native plugins for Editor in 0.00 ms.
Unloading 1937 Unused Serialized files (Serialized files now loaded: 0)
System memory in use before: 153.5 MB.
System memory in use after: 153.5 MB.

Unloading 58 unused Assets to reduce memory usage. Loaded Objects now: 2341.
Total: 12.509907 ms (FindLiveObjects: 0.539578 ms CreateObjectMapping: 0.173718 ms MarkObjects: 11.680138 ms  DeleteObjects: 0.114783 ms)

========================================================================
Received Import Request.
  path: Assets/Prefabs/Frutas.prefab
  artifactKey: Guid(f4bee7c9c7190409bb3cd834074665b0) Importer(815301076,1909f56bfc062723c751e8b465ee728b)
Start importing Assets/Prefabs/Frutas.prefab using Guid(f4bee7c9c7190409bb3cd834074665b0) Importer(815301076,1909f56bfc062723c751e8b465ee728b)  -> (artifact id: '7bfb420d29c453cdd229c83ad687368a') in 1.168734 seconds
  Import took 1.172861 seconds .

========================================================================
Received Import Request.
  Time since last request: 0.000245 seconds.
  path: Assets/Scenes/menu.unity
  artifactKey: Guid(df9b67bb8edb0463bbe947b53649a7f4) Importer(815301076,1909f56bfc062723c751e8b465ee728b)
Start importing Assets/Scenes/menu.unity using Guid(df9b67bb8edb0463bbe947b53649a7f4) Importer(815301076,1909f56bfc062723c751e8b465ee728b)  -> (artifact id: '12e7a51d610176a0b6091ad7be9bb136') in 0.001689 seconds
  Import took 0.004852 seconds .

========================================================================
Received Prepare
Registering precompiled user dll's ...
Registered in 0.002911 seconds.
Begin MonoManager ReloadAssembly
Native extension for OSXStandalone target not found
Native extension for WebGL target not found
Refreshing native plugins compatible for Editor in 0.71 ms, found 2 plugins.
Preloading 0 native plugins for Editor in 0.00 ms.
Mono: successfully reloaded assembly
- Completed reload, in  1.611 seconds
Platform modules already initialized, skipping
Refreshing native plugins compatible for Editor in 0.76 ms, found 2 plugins.
Preloading 0 native plugins for Editor in 0.00 ms.
Unloading 1931 Unused Serialized files (Serialized files now loaded: 0)
System memory in use before: 157.8 MB.
System memory in use after: 157.9 MB.

Unloading 49 unused Assets to reduce memory usage. Loaded Objects now: 2344.
Total: 6.675392 ms (FindLiveObjects: 0.254535 ms CreateObjectMapping: 0.074253 ms MarkObjects: 6.314134 ms  DeleteObjects: 0.031305 ms)

AssetImportWorkerClient::OnTransportError - code=2 error=End of file
